# JRE version: OpenJDK Runtime Environment (11.0.13) (build 11.0.13+0-b1751.21-8125866)
# Java VM: OpenJDK 64-Bit Server VM (11.0.13+0-b1751.21-8125866, mixed mode, tiered, compressed oops, g1 gc, windows-amd64)
Heap:
 garbage-first heap   total 875520K, used 319478K [0x0000000080000000, 0x0000000100000000)
  region size 1024K, 3 young (3072K), 3 survivors (3072K)
 Metaspace       used 102301K, capacity 104879K, committed 105168K, reserved 1140736K
  class space    used 13300K, capacity 14269K, committed 14336K, reserved 1048576K
GC Heap History (20 events):
Event: 8.944 GC heap after
{Heap after GC invocations=24 (full 0):
 garbage-first heap   total 260096K, used 205350K [0x0000000080000000, 0x0000000100000000)
  region size 1024K, 4 young (4096K), 4 survivors (4096K)
 Metaspace       used 100093K, capacity 102595K, committed 103120K, reserved 1138688K
  class space    used 13014K, capacity 13964K, committed 14080K, reserved 1048576K
}
Event: 8.966 GC heap before
{Heap before GC invocations=24 (full 0):
 garbage-first heap   total 260096K, used 219686K [0x0000000080000000, 0x0000000100000000)
  region size 1024K, 18 young (18432K), 4 survivors (4096K)
 Metaspace       used 100103K, capacity 102595K, committed 103120K, reserved 1138688K
  class space    used 13014K, capacity 13964K, committed 14080K, reserved 1048576K
}
Event: 8.972 GC heap after
{Heap after GC invocations=25 (full 0):
 garbage-first heap   total 313344K, used 212976K [0x0000000080000000, 0x0000000100000000)
  region size 1024K, 3 young (3072K), 3 survivors (3072K)
 Metaspace       used 100103K, capacity 102595K, committed 103120K, reserved 1138688K
  class space    used 13014K, capacity 13964K, committed 14080K, reserved 1048576K
}
Event: 9.018 GC heap before
{Heap before GC invocations=25 (full 0):
 garbage-first heap   total 313344K, used 243696K [0x0000000080000000, 0x0000000100000000)
  region size 1024K, 34 young (34816K), 3 survivors (3072K)
 Metaspace       used 100174K, capacity 102666K, committed 103120K, reserved 1138688K
  class space    used 13014K, capacity 13964K, committed 14080K, reserved 1048576K
}
Event: 9.028 GC heap after
{Heap after GC invocations=26 (full 0):
 garbage-first heap   total 313344K, used 229712K [0x0000000080000000, 0x0000000100000000)
  region size 1024K, 5 young (5120K), 5 survivors (5120K)
 Metaspace       used 100174K, capacity 102666K, committed 103120K, reserved 1138688K
  class space    used 13014K, capacity 13964K, committed 14080K, reserved 1048576K
}
Event: 9.048 GC heap before
{Heap before GC invocations=26 (full 0):
 garbage-first heap   total 313344K, used 253264K [0x0000000080000000, 0x0000000100000000)
  region size 1024K, 28 young (28672K), 5 survivors (5120K)
 Metaspace       used 100211K, capacity 102672K, committed 103120K, reserved 1138688K
  class space    used 13014K, capacity 13964K, committed 14080K, reserved 1048576K
}
Event: 9.057 GC heap after
{Heap after GC invocations=27 (full 0):
 garbage-first heap   total 313344K, used 242158K [0x0000000080000000, 0x0000000100000000)
  region size 1024K, 4 young (4096K), 4 survivors (4096K)
 Metaspace       used 100211K, capacity 102672K, committed 103120K, reserved 1138688K
  class space    used 13014K, capacity 13964K, committed 14080K, reserved 1048576K
}
Event: 9.073 GC heap before
{Heap before GC invocations=27 (full 0):
 garbage-first heap   total 313344K, used 260590K [0x0000000080000000, 0x0000000100000000)
  region size 1024K, 22 young (22528K), 4 survivors (4096K)
 Metaspace       used 100223K, capacity 102674K, committed 103120K, reserved 1138688K
  class space    used 13014K, capacity 13964K, committed 14080K, reserved 1048576K
}
Event: 9.080 GC heap after
{Heap after GC invocations=28 (full 0):
 garbage-first heap   total 313344K, used 252399K [0x0000000080000000, 0x0000000100000000)
  region size 1024K, 3 young (3072K), 3 survivors (3072K)
 Metaspace       used 100223K, capacity 102674K, committed 103120K, reserved 1138688K
  class space    used 13014K, capacity 13964K, committed 14080K, reserved 1048576K
}
Event: 9.099 GC heap before
{Heap before GC invocations=28 (full 0):
 garbage-first heap   total 313344K, used 263663K [0x0000000080000000, 0x0000000100000000)
  region size 1024K, 16 young (16384K), 3 survivors (3072K)
 Metaspace       used 100231K, capacity 102739K, committed 103120K, reserved 1138688K
  class space    used 13014K, capacity 13964K, committed 14080K, reserved 1048576K
}
Event: 9.106 GC heap after
{Heap after GC invocations=29 (full 0):
 garbage-first heap   total 313344K, used 257872K [0x0000000080000000, 0x0000000100000000)
  region size 1024K, 2 young (2048K), 2 survivors (2048K)
 Metaspace       used 100231K, capacity 102739K, committed 103120K, reserved 1138688K
  class space    used 13014K, capacity 13964K, committed 14080K, reserved 1048576K
}
Event: 9.118 GC heap before
{Heap before GC invocations=29 (full 0):
 garbage-first heap   total 313344K, used 271184K [0x0000000080000000, 0x0000000100000000)
  region size 1024K, 15 young (15360K), 2 survivors (2048K)
 Metaspace       used 100231K, capacity 102739K, committed 103120K, reserved 1138688K
  class space    used 13014K, capacity 13964K, committed 14080K, reserved 1048576K
}
Event: 9.127 GC heap after
{Heap after GC invocations=30 (full 0):
 garbage-first heap   total 394240K, used 265172K [0x0000000080000000, 0x0000000100000000)
  region size 1024K, 2 young (2048K), 2 survivors (2048K)
 Metaspace       used 100231K, capacity 102739K, committed 103120K, reserved 1138688K
  class space    used 13014K, capacity 13964K, committed 14080K, reserved 1048576K
}
Event: 9.163 GC heap before
{Heap before GC invocations=30 (full 0):
 garbage-first heap   total 394240K, used 301012K [0x0000000080000000, 0x0000000100000000)
  region size 1024K, 38 young (38912K), 2 survivors (2048K)
 Metaspace       used 100232K, capacity 102739K, committed 103120K, reserved 1138688K
  class space    used 13014K, capacity 13964K, committed 14080K, reserved 1048576K
}
Event: 9.175 GC heap after
{Heap after GC invocations=31 (full 0):
 garbage-first heap   total 394240K, used 284185K [0x0000000080000000, 0x0000000100000000)
  region size 1024K, 5 young (5120K), 5 survivors (5120K)
 Metaspace       used 100232K, capacity 102739K, committed 103120K, reserved 1138688K
  class space    used 13014K, capacity 13964K, committed 14080K, reserved 1048576K
}
Event: 9.202 GC heap before
{Heap before GC invocations=31 (full 0):
 garbage-first heap   total 394240K, used 313881K [0x0000000080000000, 0x0000000100000000)
  region size 1024K, 35 young (35840K), 5 survivors (5120K)
 Metaspace       used 100232K, capacity 102739K, committed 103120K, reserved 1138688K
  class space    used 13014K, capacity 13964K, committed 14080K, reserved 1048576K
}
Event: 9.214 GC heap after
{Heap after GC invocations=32 (full 0):
 garbage-first heap   total 394240K, used 300535K [0x0000000080000000, 0x0000000100000000)
  region size 1024K, 5 young (5120K), 5 survivors (5120K)
 Metaspace       used 100232K, capacity 102739K, committed 103120K, reserved 1138688K
  class space    used 13014K, capacity 13964K, committed 14080K, reserved 1048576K
}
Event: 9.241 GC heap before
{Heap before GC invocations=33 (full 0):
 garbage-first heap   total 394240K, used 323063K [0x0000000080000000, 0x0000000100000000)
  region size 1024K, 28 young (28672K), 5 survivors (5120K)
 Metaspace       used 100232K, capacity 102739K, committed 103120K, reserved 1138688K
  class space    used 13014K, capacity 13964K, committed 14080K, reserved 1048576K
}
Event: 9.251 GC heap after
{Heap after GC invocations=34 (full 0):
 garbage-first heap   total 394240K, used 313915K [0x0000000080000000, 0x0000000100000000)
  region size 1024K, 4 young (4096K), 4 survivors (4096K)
 Metaspace       used 100232K, capacity 102739K, committed 103120K, reserved 1138688K
  class space    used 13014K, capacity 13964K, committed 14080K, reserved 1048576K
}
Event: 9.389 GC heap before
{Heap before GC invocations=34 (full 0):
 garbage-first heap   total 394240K, used 332347K [0x0000000080000000, 0x0000000100000000)
  region size 1024K, 22 young (22528K), 4 survivors (4096K)
 Metaspace       used 102301K, capacity 104879K, committed 105168K, reserved 1140736K
  class space    used 13300K, capacity 14269K, committed 14336K, reserved 1048576K
}

